\BOOKMARK [1][-]{section.1}{\376\377\000B\000i\000n\000a\000r\000y\000\040\000S\000e\000a\000r\000c\000h\000\040\000T\000r\000e\000e\000s}{}% 1
\BOOKMARK [2][-]{subsection.1.1}{\376\377\000B\000a\000s\000i\000c\000\040\000C\000o\000n\000c\000e\000p\000t\000s}{section.1}% 2
\BOOKMARK [2][-]{subsection.1.2}{\376\377\000T\000h\000e\000\040\000H\000e\000i\000g\000h\000t\000\040\000o\000f\000\040\000a\000\040\000B\000i\000n\000a\000r\000y\000\040\000S\000e\000a\000r\000c\000h\000\040\000T\000r\000e\000e}{section.1}% 3
\BOOKMARK [2][-]{subsection.1.3}{\376\377\000B\000a\000s\000i\000c\000s\000\040\000o\000f\000\040\000B\000i\000n\000a\000r\000y\000\040\000S\000e\000a\000r\000c\000h\000\040\000T\000r\000e\000e\000\040\000Q\000u\000i\000z}{section.1}% 4
\BOOKMARK [2][-]{subsection.1.4}{\376\377\000I\000n\000s\000e\000r\000t\000i\000o\000n\000\040\000a\000n\000d\000\040\000D\000e\000l\000e\000t\000i\000o\000n\000\040\000i\000n\000\040\000a\000\040\000B\000i\000n\000a\000r\000y\000\040\000S\000e\000a\000r\000c\000h\000\040\000T\000r\000e\000e}{section.1}% 5
\BOOKMARK [3][-]{subsubsection.1.4.1}{\376\377\000I\000n\000s\000e\000r\000t\000i\000o\000n}{subsection.1.4}% 6
\BOOKMARK [3][-]{subsubsection.1.4.2}{\376\377\000D\000e\000l\000e\000t\000i\000o\000n}{subsection.1.4}% 7
\BOOKMARK [3][-]{subsubsection.1.4.3}{\376\377\000T\000r\000e\000e\000\040\000T\000r\000a\000v\000e\000r\000s\000a\000l}{subsection.1.4}% 8
\BOOKMARK [2][-]{subsection.1.5}{\376\377\000B\000S\000T\000\040\000Q\000u\000i\000z}{section.1}% 9
\BOOKMARK [1][-]{section.2}{\376\377\000A\000l\000g\000o\000r\000i\000t\000h\000m\000s\000\040\000o\000n\000\040\000T\000r\000e\000e\000s}{}% 10
\BOOKMARK [2][-]{subsection.2.1}{\376\377\000R\000e\000d\000-\000B\000l\000a\000c\000k\000\040\000T\000r\000e\000e\000s\000\040\000B\000a\000s\000i\000c\000s}{section.2}% 11
\BOOKMARK [3][-]{subsubsection.2.1.1}{\376\377\000R\000B\000T\000\040\000Q\000u\000i\000z}{subsection.2.1}% 12
\BOOKMARK [2][-]{subsection.2.2}{\376\377\000R\000e\000d\000-\000B\000l\000a\000c\000k\000\040\000T\000r\000e\000e\000\040\000R\000o\000t\000a\000t\000i\000o\000n\000,\000\040\000A\000l\000g\000o\000r\000i\000t\000h\000m\000s\000\040\000f\000o\000r\000\040\000I\000n\000s\000e\000r\000t\000i\000o\000n\000/\000D\000e\000l\000e\000t\000i\000o\000n}{section.2}% 13
\BOOKMARK [2][-]{subsection.2.3}{\376\377\000S\000k\000i\000p\000\040\000L\000i\000s\000t\000s}{section.2}% 14
\BOOKMARK [1][-]{section.3}{\376\377\000G\000r\000a\000p\000h\000s}{}% 15
\BOOKMARK [2][-]{subsection.3.1}{\376\377\000G\000r\000a\000p\000h\000s\000\040\000a\000n\000d\000\040\000T\000h\000e\000i\000r\000\040\000R\000e\000p\000r\000e\000s\000e\000n\000t\000a\000t\000i\000o\000n\000s}{section.3}% 16
\BOOKMARK [2][-]{subsection.3.2}{\376\377\000G\000r\000a\000p\000h\000\040\000T\000r\000a\000v\000e\000r\000s\000a\000l\000s\000\040\000a\000n\000d\000\040\000B\000r\000e\000a\000d\000t\000h\000\040\000F\000i\000r\000s\000t\000\040\000T\000r\000a\000v\000e\000r\000s\000a\000l}{section.3}% 17
\BOOKMARK [2][-]{subsection.3.3}{\376\377\000D\000e\000p\000t\000h\000\040\000F\000i\000r\000s\000t\000\040\000S\000e\000a\000r\000c\000h}{section.3}% 18
\BOOKMARK [3][-]{subsubsection.3.3.1}{\376\377\000D\000F\000S\000\040\000Q\000u\000i\000z}{subsection.3.3}% 19
\BOOKMARK [2][-]{subsection.3.4}{\376\377\000T\000o\000p\000o\000l\000o\000g\000i\000c\000a\000l\000\040\000S\000o\000r\000t\000i\000n\000g\000\040\000a\000n\000d\000\040\000A\000p\000p\000l\000i\000c\000a\000t\000i\000o\000n\000s}{section.3}% 20
