This is pdfTeX, Version 3.141592653-2.6-1.40.26 (MiKTeX 24.3) (preloaded format=pdflatex 2024.3.22)  11 MAY 2024 15:52
entering extended mode
 restricted \write18 enabled.
 file:line:error style messages enabled.
 %&-line parsing enabled.
**"c:/Users/zhoub/git_repo/_MSCS_/_MSCS_Master_Notes_/Non-Credit_C2_Algorithms for Searching Sorting and Indexing/main.tex"
(c:/Users/zhoub/git_repo/_MSCS_/_MSCS_Master_Notes_/Non-Credit_C2_Algorithms for Searching Sorting and Indexing/main.tex
LaTeX2e <2023-11-01> patch level 1
L3 programming layer <2024-03-14>
(C:\Program Files\MiKTeX\tex/latex/base\article.cls
Document Class: article 2023/05/17 v1.4n Standard LaTeX document class
(C:\Program Files\MiKTeX\tex/latex/base\size10.clo
File: size10.clo 2023/05/17 v1.4n Standard LaTeX file (size option)
)
\c@part=\count188
\c@section=\count189
\c@subsection=\count190
\c@subsubsection=\count191
\c@paragraph=\count192
\c@subparagraph=\count193
\c@figure=\count194
\c@table=\count195
\abovecaptionskip=\skip48
\belowcaptionskip=\skip49
\bibindent=\dimen140
) (C:\Program Files\MiKTeX\tex/latex/graphics\graphicx.sty
Package: graphicx 2021/09/16 v1.2d Enhanced LaTeX Graphics (DPC,SPQR)
 (C:\Program Files\MiKTeX\tex/latex/graphics\keyval.sty
Package: keyval 2022/05/29 v1.15 key=value parser (DPC)
\KV@toks@=\toks17
) (C:\Program Files\MiKTeX\tex/latex/graphics\graphics.sty
Package: graphics 2022/03/10 v1.4e Standard LaTeX Graphics (DPC,SPQR)
 (C:\Program Files\MiKTeX\tex/latex/graphics\trig.sty
Package: trig 2021/08/11 v1.11 sin cos tan (DPC)
) (C:\Program Files\MiKTeX\tex/latex/graphics-cfg\graphics.cfg
File: graphics.cfg 2016/06/04 v1.11 sample graphics configuration
)
Package graphics Info: Driver file: pdftex.def on input line 107.
 (C:\Program Files\MiKTeX\tex/latex/graphics-def\pdftex.def
File: pdftex.def 2022/09/22 v1.2b Graphics/color driver for pdftex
))
\Gin@req@height=\dimen141
\Gin@req@width=\dimen142
) (C:\Program Files\MiKTeX\tex/latex/setspace\setspace.sty
Package: setspace 2022/12/04 v6.7b set line spacing
) (C:\Program Files\MiKTeX\tex/latex/listings\listings.sty
\lst@mode=\count196
\lst@gtempboxa=\box51
\lst@token=\toks18
\lst@length=\count197
\lst@currlwidth=\dimen143
\lst@column=\count198
\lst@pos=\count199
\lst@lostspace=\dimen144
\lst@width=\dimen145
\lst@newlines=\count266
\lst@lineno=\count267
\lst@maxwidth=\dimen146
 (C:\Program Files\MiKTeX\tex/latex/listings\lstpatch.sty
File: lstpatch.sty 2024/03/11 1.10a (Carsten Heinz)
) (C:\Program Files\MiKTeX\tex/latex/listings\lstmisc.sty
File: lstmisc.sty 2024/03/11 1.10a (Carsten Heinz)
\c@lstnumber=\count268
\lst@skipnumbers=\count269
\lst@framebox=\box52
) (C:\Program Files\MiKTeX\tex/latex/listings\listings.cfg
File: listings.cfg 2024/03/11 1.10a listings configuration
))
Package: listings 2024/03/11 1.10a (Carsten Heinz)
 (C:\Program Files\MiKTeX\tex/latex/amsfonts\amssymb.sty
Package: amssymb 2013/01/14 v3.01 AMS font symbols
 (C:\Program Files\MiKTeX\tex/latex/amsfonts\amsfonts.sty
Package: amsfonts 2013/01/14 v3.01 Basic AMSFonts support
\@emptytoks=\toks19
\symAMSa=\mathgroup4
\symAMSb=\mathgroup5
LaTeX Font Info:    Redeclaring math symbol \hbar on input line 98.
LaTeX Font Info:    Overwriting math alphabet `\mathfrak' in version `bold'
(Font)                  U/euf/m/n --> U/euf/b/n on input line 106.
)) (C:\Program Files\MiKTeX\tex/latex/xcolor\xcolor.sty
Package: xcolor 2023/11/15 v3.01 LaTeX color extensions (UK)
 (C:\Program Files\MiKTeX\tex/latex/graphics-cfg\color.cfg
File: color.cfg 2016/01/02 v1.6 sample color configuration
)
Package xcolor Info: Driver file: pdftex.def on input line 274.
 (C:\Program Files\MiKTeX\tex/latex/graphics\mathcolor.ltx)
Package xcolor Info: Model `cmy' substituted by `cmy0' on input line 1350.
Package xcolor Info: Model `hsb' substituted by `rgb' on input line 1354.
Package xcolor Info: Model `RGB' extended on input line 1366.
Package xcolor Info: Model `HTML' substituted by `rgb' on input line 1368.
Package xcolor Info: Model `Hsb' substituted by `hsb' on input line 1369.
Package xcolor Info: Model `tHsb' substituted by `hsb' on input line 1370.
Package xcolor Info: Model `HSB' substituted by `hsb' on input line 1371.
Package xcolor Info: Model `Gray' substituted by `gray' on input line 1372.
Package xcolor Info: Model `wave' substituted by `hsb' on input line 1373.
) (C:\Program Files\MiKTeX\tex/latex/float\float.sty
Package: float 2001/11/08 v1.3d Float enhancements (AL)
\c@float@type=\count270
\float@exts=\toks20
\float@box=\box53
\@float@everytoks=\toks21
\@floatcapt=\box54
) (C:\Program Files\MiKTeX\tex/latex/l3backend\l3backend-pdftex.def
File: l3backend-pdftex.def 2024-03-14 L3 backend support: PDF output (pdfTeX)
\l__color_backend_stack_int=\count271
\l__pdf_internal_box=\box55
) (main.aux)
\openout1 = `main.aux'.

LaTeX Font Info:    Checking defaults for OML/cmm/m/it on input line 17.
LaTeX Font Info:    ... okay on input line 17.
LaTeX Font Info:    Checking defaults for OMS/cmsy/m/n on input line 17.
LaTeX Font Info:    ... okay on input line 17.
LaTeX Font Info:    Checking defaults for OT1/cmr/m/n on input line 17.
LaTeX Font Info:    ... okay on input line 17.
LaTeX Font Info:    Checking defaults for T1/cmr/m/n on input line 17.
LaTeX Font Info:    ... okay on input line 17.
LaTeX Font Info:    Checking defaults for TS1/cmr/m/n on input line 17.
LaTeX Font Info:    ... okay on input line 17.
LaTeX Font Info:    Checking defaults for OMX/cmex/m/n on input line 17.
LaTeX Font Info:    ... okay on input line 17.
LaTeX Font Info:    Checking defaults for U/cmr/m/n on input line 17.
LaTeX Font Info:    ... okay on input line 17.
 (C:\Program Files\MiKTeX\tex/context/base/mkii\supp-pdf.mkii
[Loading MPS to PDF converter (version 2006.09.02).]
\scratchcounter=\count272
\scratchdimen=\dimen147
\scratchbox=\box56
\nofMPsegments=\count273
\nofMParguments=\count274
\everyMPshowfont=\toks22
\MPscratchCnt=\count275
\MPscratchDim=\dimen148
\MPnumerator=\count276
\makeMPintoPDFobject=\count277
\everyMPtoPDFconversion=\toks23
) (C:\Program Files\MiKTeX\tex/latex/epstopdf-pkg\epstopdf-base.sty
Package: epstopdf-base 2020-01-24 v2.11 Base part for package epstopdf
Package epstopdf-base Info: Redefining graphics rule for `.eps' on input line 485.
 (C:\Program Files\MiKTeX\tex/latex/00miktex\epstopdf-sys.cfg
File: epstopdf-sys.cfg 2021/03/18 v2.0 Configuration of epstopdf for MiKTeX
))
\c@lstlisting=\count278
LaTeX Font Info:    Trying to load font information for U+msa on input line 18.
 (C:\Program Files\MiKTeX\tex/latex/amsfonts\umsa.fd
File: umsa.fd 2013/01/14 v3.01 AMS symbols A
)
LaTeX Font Info:    Trying to load font information for U+msb on input line 18.
 (C:\Program Files\MiKTeX\tex/latex/amsfonts\umsb.fd
File: umsb.fd 2013/01/14 v3.01 AMS symbols B
) [1

{C:/Users/zhoub/AppData/Local/MiKTeX/fonts/map/pdftex/pdftex.map}] (main.toc [2]
Overfull \hbox (4.38023pt too wide) in paragraph at lines 77--77
 [] []\OT1/cmr/bx/n/10 Introduction to Ran-dom-iza-tion, Av-er-age Case Com-plex-ity Anal- 
 []

)
\tf@toc=\write3
\openout3 = `main.toc'.

 [3] [4]
Underfull \hbox (badness 10000) in paragraph at lines 57--58

 []

[5] [6] [7] [8] [9]
<./images/binarysearchhelper.jpg, id=40, 2409.0pt x 1084.05pt>
File: ./images/binarysearchhelper.jpg Graphic file (type jpg)
<use ./images/binarysearchhelper.jpg>
Package pdftex.def Info: ./images/binarysearchhelper.jpg  used on input line 154.
(pdftex.def)             Requested size: 345.0pt x 155.23962pt.
 [10] [11 <./images/binarysearchhelper.jpg>] [12]
<./images/mergesort.png, id=51, 690.58pt x 396.48125pt>
File: ./images/mergesort.png Graphic file (type png)
<use ./images/mergesort.png>
Package pdftex.def Info: ./images/mergesort.png  used on input line 183.
(pdftex.def)             Requested size: 345.0pt x 198.07678pt.
<./images/mergesortpseudocode.png, id=53, 654.445pt x 376.40625pt>
File: ./images/mergesortpseudocode.png Graphic file (type png)
<use ./images/mergesortpseudocode.png>
Package pdftex.def Info: ./images/mergesortpseudocode.png  used on input line 194.
(pdftex.def)             Requested size: 345.0pt x 198.42606pt.

Overfull \hbox (10.00002pt too wide) in paragraph at lines 194--195
[] [] 
 []

[13 <./images/mergesort.png>] [14 <./images/mergesortpseudocode.png>]
LaTeX Font Info:    Font shape `OT1/cmtt/bx/n' in size <10> not available
(Font)              Font shape `OT1/cmtt/m/n' tried instead on input line 210.
 [15] [16] [17]
<./images/heapproperty.png, id=73, 948.54375pt x 567.11874pt>
File: ./images/heapproperty.png Graphic file (type png)
<use ./images/heapproperty.png>
Package pdftex.def Info: ./images/heapproperty.png  used on input line 250.
(pdftex.def)             Requested size: 345.0pt x 206.2654pt.

Overfull \hbox (10.00002pt too wide) in paragraph at lines 250--251
[] [] 
 []

[18]
<./images/heapbinarytree.png, id=77, 1007.765pt x 303.1325pt>
File: ./images/heapbinarytree.png Graphic file (type png)
<use ./images/heapbinarytree.png>
Package pdftex.def Info: ./images/heapbinarytree.png  used on input line 258.
(pdftex.def)             Requested size: 345.0pt x 103.776pt.

Overfull \hbox (10.00002pt too wide) in paragraph at lines 258--259
[] [] 
 []

<./images/minheap.png, id=78, 1468.48625pt x 688.5725pt>
File: ./images/minheap.png Graphic file (type png)
<use ./images/minheap.png>
Package pdftex.def Info: ./images/minheap.png  used on input line 272.
(pdftex.def)             Requested size: 345.0pt x 161.76202pt.

Overfull \hbox (10.00002pt too wide) in paragraph at lines 272--273
[] [] 
 []

[19 <./images/heapproperty.png> <./images/heapbinarytree.png>] [20 <./images/minheap.png>]
Underfull \hbox (badness 10000) in paragraph at lines 305--305

 []

[21]
<./images/bubbleup.jpg, id=93, 2409.0pt x 1084.05pt>
File: ./images/bubbleup.jpg Graphic file (type jpg)
<use ./images/bubbleup.jpg>
Package pdftex.def Info: ./images/bubbleup.jpg  used on input line 305.
(pdftex.def)             Requested size: 345.0pt x 155.23962pt.

Overfull \hbox (10.00002pt too wide) in paragraph at lines 305--306
[] [] 
 []

[22 <./images/bubbleup.jpg>]
<./images/bubbledown.jpg, id=97, 2409.0pt x 1084.05pt>
File: ./images/bubbledown.jpg Graphic file (type jpg)
<use ./images/bubbledown.jpg>
Package pdftex.def Info: ./images/bubbledown.jpg  used on input line 334.
(pdftex.def)             Requested size: 345.0pt x 155.23962pt.
 [23]
<./images/bubbledownmultipletimes.png, id=101, 950.55125pt x 534.99875pt>
File: ./images/bubbledownmultipletimes.png Graphic file (type png)
<use ./images/bubbledownmultipletimes.png>
Package pdftex.def Info: ./images/bubbledownmultipletimes.png  used on input line 345.
(pdftex.def)             Requested size: 345.0pt x 194.17494pt.

Overfull \hbox (10.00002pt too wide) in paragraph at lines 345--346
[] [] 
 []

[24 <./images/bubbledown.jpg> <./images/bubbledownmultipletimes.png>]
Overfull \hbox (48.74657pt too wide) in paragraph at lines 369--369
[]        \OT1/cmtt/m/n/10 if $2j > n$: (2j is actually the left child, n is the length of A.)[] 
 []


Overfull \hbox (6.74693pt too wide) in paragraph at lines 369--369
[]        \OT1/cmtt/m/n/10 else if: $2j \leq n$ and $2j+1 \leq n$: (has both children)[] 
 []


Overfull \hbox (90.7462pt too wide) in paragraph at lines 369--369
[]            \OT1/cmtt/m/n/10 #Left child is smaller, which will be swapped with the current parrent.[] 
 []

[25] [26]
<./images/inserttoaheap.png, id=112, 1572.87625pt x 815.045pt>
File: ./images/inserttoaheap.png Graphic file (type png)
<use ./images/inserttoaheap.png>
Package pdftex.def Info: ./images/inserttoaheap.png  used on input line 411.
(pdftex.def)             Requested size: 345.0pt x 178.77568pt.
<./images/bubbleupafterdeletion.png, id=113, 606.265pt x 341.275pt>
File: ./images/bubbleupafterdeletion.png Graphic file (type png)
<use ./images/bubbleupafterdeletion.png>
Package pdftex.def Info: ./images/bubbleupafterdeletion.png  used on input line 423.
(pdftex.def)             Requested size: 345.0pt x 194.2059pt.
 [27 <./images/inserttoaheap.png>]
<./images/bubbledownafterdeletion.png, id=117, 1043.9pt x 413.545pt>
File: ./images/bubbledownafterdeletion.png Graphic file (type png)
<use ./images/bubbledownafterdeletion.png>
Package pdftex.def Info: ./images/bubbledownafterdeletion.png  used on input line 428.
(pdftex.def)             Requested size: 345.0pt x 136.67218pt.


LaTeX Warning: `h' float specifier changed to `ht'.

<./images/questionofdeletion.png, id=118, 1244.65pt x 407.5225pt>
File: ./images/questionofdeletion.png Graphic file (type png)
<use ./images/questionofdeletion.png>
Package pdftex.def Info: ./images/questionofdeletion.png  used on input line 435.
(pdftex.def)             Requested size: 345.0pt x 112.96135pt.

Overfull \hbox (10.00002pt too wide) in paragraph at lines 435--436
[] [] 
 []

[28 <./images/bubbleupafterdeletion.png>]
<./images/deletiontimecost.png, id=122, 1074.0125pt x 421.575pt>
File: ./images/deletiontimecost.png Graphic file (type png)
<use ./images/deletiontimecost.png>
Package pdftex.def Info: ./images/deletiontimecost.png  used on input line 444.
(pdftex.def)             Requested size: 345.0pt x 135.42136pt.

Overfull \hbox (10.00002pt too wide) in paragraph at lines 444--445
[] [] 
 []

[29 <./images/bubbledownafterdeletion.png> <./images/questionofdeletion.png> <./images/deletiontimecost.png>]
<./images/array2minheap.png, id=126, 979.66pt x 690.58pt>
File: ./images/array2minheap.png Graphic file (type png)
<use ./images/array2minheap.png>
Package pdftex.def Info: ./images/array2minheap.png  used on input line 463.
(pdftex.def)             Requested size: 345.0pt x 243.19238pt.
<./images/heapify.png, id=127, 1133.23375pt x 561.09625pt>
File: ./images/heapify.png Graphic file (type png)
<use ./images/heapify.png>
Package pdftex.def Info: ./images/heapify.png  used on input line 464.
(pdftex.def)             Requested size: 345.0pt x 170.81303pt.

Overfull \hbox (10.00002pt too wide) in paragraph at lines 463--465
[] []
 []

[30]
<./images/heapifyrunningtime.png, id=131, 1065.9825pt x 606.265pt>
File: ./images/heapifyrunningtime.png Graphic file (type png)
<use ./images/heapifyrunningtime.png>
Package pdftex.def Info: ./images/heapifyrunningtime.png  used on input line 471.
(pdftex.def)             Requested size: 345.0pt x 196.21046pt.

Overfull \hbox (10.00002pt too wide) in paragraph at lines 471--472
[] [] 
 []

[31 <./images/array2minheap.png> <./images/heapify.png>]
<./images/heapsort.png, id=136, 897.3525pt x 684.5575pt>
File: ./images/heapsort.png Graphic file (type png)
<use ./images/heapsort.png>
Package pdftex.def Info: ./images/heapsort.png  used on input line 477.
(pdftex.def)             Requested size: 345.0pt x 263.18463pt.
<./images/questionofheapsort.png, id=137, 1009.7725pt x 517.935pt>
File: ./images/questionofheapsort.png Graphic file (type png)
<use ./images/questionofheapsort.png>
Package pdftex.def Info: ./images/questionofheapsort.png  used on input line 478.
(pdftex.def)             Requested size: 345.0pt x 176.95699pt.
 [32 <./images/heapifyrunningtime.png>]
<./images/heapsortquestion1chart.png, id=141, 955.57pt x 594.22pt>
File: ./images/heapsortquestion1chart.png Graphic file (type png)
<use ./images/heapsortquestion1chart.png>
Package pdftex.def Info: ./images/heapsortquestion1chart.png  used on input line 486.
(pdftex.def)             Requested size: 345.0pt x 214.5356pt.
 [33 <./images/heapsort.png> <./images/questionofheapsort.png>]
Underfull \hbox (badness 10000) in paragraph at lines 490--492

 []


Underfull \hbox (badness 10000) in paragraph at lines 493--494

 []

[34 <./images/heapsortquestion1chart.png>]
Underfull \hbox (badness 10000) in paragraph at lines 501--502

 []

File: ./images/heapsortquestion1chart.png Graphic file (type png)
<use ./images/heapsortquestion1chart.png>
Package pdftex.def Info: ./images/heapsortquestion1chart.png  used on input line 513.
(pdftex.def)             Requested size: 345.0pt x 214.5356pt.
[35]
Underfull \hbox (badness 10000) in paragraph at lines 517--519

 []


Underfull \hbox (badness 10000) in paragraph at lines 520--521

 []


Underfull \hbox (badness 10000) in paragraph at lines 524--525

 []

[36]
Underfull \hbox (badness 10000) in paragraph at lines 539--540

 []


Underfull \hbox (badness 10000) in paragraph at lines 554--555

 []

[37]
Underfull \hbox (badness 10000) in paragraph at lines 560--561

 []


Underfull \hbox (badness 10000) in paragraph at lines 564--566

 []


Underfull \hbox (badness 10000) in paragraph at lines 567--568

 []


Underfull \hbox (badness 10000) in paragraph at lines 569--570

 []


Underfull \hbox (badness 10000) in paragraph at lines 571--572

 []


Underfull \hbox (badness 10000) in paragraph at lines 573--574

 []

[38] [39]
<./images/hashtableloadfactor.png, id=164, 711.65875pt x 380.42125pt>
File: ./images/hashtableloadfactor.png Graphic file (type png)
<use ./images/hashtableloadfactor.png>
Package pdftex.def Info: ./images/hashtableloadfactor.png  used on input line 600.
(pdftex.def)             Requested size: 345.0pt x 184.417pt.

Overfull \hbox (10.00002pt too wide) in paragraph at lines 600--601
[] [] 
 []

<./images/hashtablerehashing.png, id=165, 708.6475pt x 426.59375pt>
File: ./images/hashtablerehashing.png Graphic file (type png)
<use ./images/hashtablerehashing.png>
Package pdftex.def Info: ./images/hashtablerehashing.png  used on input line 610.
(pdftex.def)             Requested size: 345.0pt x 207.68533pt.

Overfull \hbox (10.00002pt too wide) in paragraph at lines 610--611
[] [] 
 []

[40 <./images/hashtableloadfactor.png>]
Underfull \hbox (badness 10000) in paragraph at lines 617--618

 []


Underfull \hbox (badness 10000) in paragraph at lines 620--621

 []


Underfull \hbox (badness 10000) in paragraph at lines 626--627

 []

[41 <./images/hashtablerehashing.png>]
Underfull \hbox (badness 10000) in paragraph at lines 631--632

 []

<./images/hashtablequestion2.png, id=172, 929.4725pt x 306.14375pt>
File: ./images/hashtablequestion2.png Graphic file (type png)
<use ./images/hashtablequestion2.png>
Package pdftex.def Info: ./images/hashtablequestion2.png  used on input line 636.
(pdftex.def)             Requested size: 345.0pt x 113.6311pt.

Underfull \hbox (badness 10000) in paragraph at lines 638--639

 []


Underfull \hbox (badness 10000) in paragraph at lines 640--642

 []


Underfull \hbox (badness 10000) in paragraph at lines 643--645

 []


Underfull \hbox (badness 10000) in paragraph at lines 646--649

 []

[42 <./images/hashtablequestion2.png>]
Underfull \hbox (badness 10000) in paragraph at lines 651--652

 []


Underfull \hbox (badness 10000) in paragraph at lines 653--654

 []


Overfull \hbox (0.20795pt too wide) in paragraph at lines 656--656
[]\OT1/cmr/bx/n/14.4 Introduction to Ran-dom-iza-tion, Av-er-age Case
 []

<./images/randomizationrunningtime.png, id=177, 701.62125pt x 371.3875pt>
File: ./images/randomizationrunningtime.png Graphic file (type png)
<use ./images/randomizationrunningtime.png>
Package pdftex.def Info: ./images/randomizationrunningtime.png  used on input line 660.
(pdftex.def)             Requested size: 345.0pt x 182.62181pt.

Overfull \hbox (10.00002pt too wide) in paragraph at lines 660--661
[] [] 
 []

[43 <./images/randomizationrunningtime.png>]
<./images/averagerunningtimetp.png, id=182, 531.9875pt x 289.08pt>
File: ./images/averagerunningtimetp.png Graphic file (type png)
<use ./images/averagerunningtimetp.png>
Package pdftex.def Info: ./images/averagerunningtimetp.png  used on input line 678.
(pdftex.def)             Requested size: 345.0pt x 187.4763pt.
 [44 <./images/averagerunningtimetp.png>]
<./images/recurrencerelations.png, id=186, 708.6475pt x 427.5975pt>
File: ./images/recurrencerelations.png Graphic file (type png)
<use ./images/recurrencerelations.png>
Package pdftex.def Info: ./images/recurrencerelations.png  used on input line 693.
(pdftex.def)             Requested size: 345.0pt x 208.17401pt.

Underfull \hbox (badness 10000) in paragraph at lines 696--696

 []

<./images/recurrencerelations2.png, id=187, 723.70375pt x 438.63875pt>
File: ./images/recurrencerelations2.png Graphic file (type png)
<use ./images/recurrencerelations2.png>
Package pdftex.def Info: ./images/recurrencerelations2.png  used on input line 697.
(pdftex.def)             Requested size: 345.0pt x 209.10518pt.

LaTeX Warning: `!h' float specifier changed to `!ht'.

<./images/expansionmethod.png, id=188, 708.6475pt x 454.69875pt>
File: ./images/expansionmethod.png Graphic file (type png)
<use ./images/expansionmethod.png>
Package pdftex.def Info: ./images/expansionmethod.png  used on input line 707.
(pdftex.def)             Requested size: 345.0pt x 221.36813pt.

Underfull \hbox (badness 10000) in paragraph at lines 712--712

 []


LaTeX Warning: `!h' float specifier changed to `!ht'.

[45]

LaTeX Warning: Text page 46 contains only floats.


Overfull \vbox (0.77919pt too high) has occurred while \output is active []

 [46 <./images/recurrencerelations.png> <./images/recurrencerelations2.png>] [47 <./images/expansionmethod.png>]
<./images/week3quicksortquiz1.png, id=199, 962.59625pt x 845.1575pt>
File: ./images/week3quicksortquiz1.png Graphic file (type png)
<use ./images/week3quicksortquiz1.png>
Package pdftex.def Info: ./images/week3quicksortquiz1.png  used on input line 750.
(pdftex.def)             Requested size: 345.0pt x 302.90239pt.
 [48]
<./images/week3quicksortquiz2.png, id=203, 946.53625pt x 701.62125pt>
File: ./images/week3quicksortquiz2.png Graphic file (type png)
<use ./images/week3quicksortquiz2.png>
Package pdftex.def Info: ./images/week3quicksortquiz2.png  used on input line 755.
(pdftex.def)             Requested size: 345.0pt x 255.73097pt.
 [49 <./images/week3quicksortquiz1.png>]
Overfull \hbox (6.23198pt too wide) in paragraph at lines 772--772
\OT1/cmr/bx/n/10 The orig-i-nal ar-ray can be di-vided into four parts, $\OML/cmm/m/it/10 A\OT1/cmr/m/n/10 [1\OML/cmm/m/it/10 ; [] ; i \OMS/cmsy/m/n/10 ^^@ \OT1/cmr/m/n/10 1]\OML/cmm/m/it/10 ; A\OT1/cmr/m/n/10 [\OML/cmm/m/it/10 i; [] ; j \OMS/cmsy/m/n/10 ^^@
 []

[50 <./images/week3quicksortquiz2.png>]
Overfull \hbox (22.4968pt too wide) in paragraph at lines 796--796
[]        \OT1/cmtt/m/n/10 # Four regions: A[1,...,i-1], A[i,...,j-1], A[j,...,n-1], A[n][] 
 []

[51]
<./images/week3lomutoquiz1.png, id=214, 813.0375pt x 561.09625pt>
File: ./images/week3lomutoquiz1.png Graphic file (type png)
<use ./images/week3lomutoquiz1.png>
Package pdftex.def Info: ./images/week3lomutoquiz1.png  used on input line 803.
(pdftex.def)             Requested size: 345.0pt x 238.09032pt.
<./images/week3lomutoquiz2.png, id=215, 826.08624pt x 473.77pt>
File: ./images/week3lomutoquiz2.png Graphic file (type png)
<use ./images/week3lomutoquiz2.png>
Package pdftex.def Info: ./images/week3lomutoquiz2.png  used on input line 808.
(pdftex.def)             Requested size: 345.0pt x 197.86153pt.
 [52 <./images/week3lomutoquiz1.png>]
Overfull \hbox (4.83783pt too wide) in paragraph at lines 817--817
\OT1/cmr/bx/n/10 Although it rarely hap-pens, the run-ning time when oc-cur-ing is $\OML/cmm/m/it/10 ^^R\OT1/cmr/m/n/10 (\OML/cmm/m/it/10 nlog[]\OT1/cmr/m/n/10 )$\OT1/cmr/bx/n/10 .[] 
 []

<./images/expectedaveragerunningtime.png, id=219, 765.86125pt x 328.22626pt>
File: ./images/expectedaveragerunningtime.png Graphic file (type png)
<use ./images/expectedaveragerunningtime.png>
Package pdftex.def Info: ./images/expectedaveragerunningtime.png  used on input line 825.
(pdftex.def)             Requested size: 345.0pt x 147.8557pt.
[53 <./images/week3lomutoquiz2.png>] [54 <./images/expectedaveragerunningtime.png>] (main.aux)
 ***********
LaTeX2e <2023-11-01> patch level 1
L3 programming layer <2024-03-14>
 ***********
 ) 
Here is how much of TeX's memory you used:
 4179 strings out of 474424
 67912 string characters out of 5751554
 1935496 words of memory out of 5000000
 26506 multiletter control sequences out of 15000+600000
 566775 words of font info for 70 fonts, out of 8000000 for 9000
 1141 hyphenation exceptions out of 8191
 57i,6n,65p,2896b,277s stack positions out of 10000i,1000n,20000p,200000b,200000s
 <C:\Users\zhoub\AppData\Local\MiKTeX\fonts/pk/ljfour/jknappen/ec/dpi600\tcrm1000.pk> <C:\Users\zhoub\AppData\Local\MiKTeX\fonts/pk/ljfour/jknappen/ec/dpi600\tcbx1000.pk><C:/Program Files/MiKTeX/fonts/type1/public/amsfonts/cm/cmbx10.pfb><C:/Program Files/MiKTeX/fonts/type1/public/amsfonts/cm/cmbx12.pfb><C:/Program Files/MiKTeX/fonts/type1/public/amsfonts/cm/cmmi10.pfb><C:/Program Files/MiKTeX/fonts/type1/public/amsfonts/cm/cmmi12.pfb><C:/Program Files/MiKTeX/fonts/type1/public/amsfonts/cm/cmmi5.pfb><C:/Program Files/MiKTeX/fonts/type1/public/amsfonts/cm/cmmi7.pfb><C:/Program Files/MiKTeX/fonts/type1/public/amsfonts/cm/cmr10.pfb><C:/Program Files/MiKTeX/fonts/type1/public/amsfonts/cm/cmr12.pfb><C:/Program Files/MiKTeX/fonts/type1/public/amsfonts/cm/cmr17.pfb><C:/Program Files/MiKTeX/fonts/type1/public/amsfonts/cm/cmr7.pfb><C:/Program Files/MiKTeX/fonts/type1/public/amsfonts/cm/cmsy10.pfb><C:/Program Files/MiKTeX/fonts/type1/public/amsfonts/cm/cmsy7.pfb><C:/Program Files/MiKTeX/fonts/type1/public/amsfonts/cm/cmtt10.pfb>
Output written on main.pdf (54 pages, 5449107 bytes).
PDF statistics:
 290 PDF objects out of 1000 (max. 8388607)
 0 named destinations out of 1000 (max. 500000)
 166 words of extra memory for PDF output out of 10000 (max. 10000000)

